Building DAG of jobs...
Your conda installation is not configured to use strict channel priorities. This is however crucial for having robust and correct environments (for details, see https://conda-forge.org/docs/user/tipsandtricks.html). Please consider to configure strict priorities by executing 'conda config --set channel_priority strict'.
Using shell: /usr/bin/bash
Provided cores: 24
Rules claiming more threads will be scaled down.
Job stats:
job                       count
----------------------  -------
unibind_all                   1
unibind_create_mapping        1
total                         2

Select jobs to execute...

[Sat Feb 10 10:39:22 2024]
Job 1: Creates mapping
Reason: Missing output files: results/unibind/biosample_map.tsv

Activating conda environment: ../../../../../../../../../../../../../home/tubbsca/snakemake_condas/38855772cfa7ad3eb00034c2a749c667_
Activating conda environment: ../../../../../../../../../../../../../home/tubbsca/snakemake_condas/38855772cfa7ad3eb00034c2a749c667_
[Sat Feb 10 10:39:24 2024]
Error in rule unibind_create_mapping:
    jobid: 1
    input: resources/data/unibind/damo_hg38_PWMs.tar.gz
    output: results/unibind/biosample_map.tsv
    log: workflow/logs/create_mapping.stdout, workflow/logs/create_mapping.stderr (check log file(s) for error details)
    conda-env: /home/tubbsca/snakemake_condas/38855772cfa7ad3eb00034c2a749c667_

RuleException:
CalledProcessError in file /panfs/accrepfs.vampire/data/ruderferlab/projects/biovu/cnv/cre/CTCF-Variant-Annotation/snakemake/workflows/common/unibind/workflow/rules/unibind.smk, line 119:
Command 'source /panfs/accrepfs.vampire/home/tubbsca/miniforge-pypy3/bin/activate '/home/tubbsca/snakemake_condas/38855772cfa7ad3eb00034c2a749c667_'; set -euo pipefail;  python /panfs/accrepfs.vampire/data/ruderferlab/projects/biovu/cnv/cre/CTCF-Variant-Annotation/snakemake/workflows/common/unibind/.snakemake/scripts/tmpgxuwqrol.mapping_new.py' returned non-zero exit status 1.
  File "/panfs/accrepfs.vampire/data/ruderferlab/projects/biovu/cnv/cre/CTCF-Variant-Annotation/snakemake/workflows/common/unibind/workflow/rules/unibind.smk", line 119, in __rule_create_mapping
  File "/accre/arch/easybuild/software/BinDist/Anaconda3/2022.05/lib/python3.9/concurrent/futures/thread.py", line 58, in run
Shutting down, this might take some time.
Exiting because a job execution failed. Look above for error message
Complete log: .snakemake/log/2024-02-10T103917.872784.snakemake.log
