Building DAG of jobs...
Your conda installation is not configured to use strict channel priorities. This is however crucial for having robust and correct environments (for details, see https://conda-forge.org/docs/user/tipsandtricks.html). Please consider to configure strict priorities by executing 'conda config --set channel_priority strict'.
Using shell: /usr/bin/bash
Provided cores: 24
Rules claiming more threads will be scaled down.
Job stats:
job                              count
-----------------------------  -------
all                                  1
unibind_download_unibind_pwms        1
unibind_download_unibind_tfbs        1
unibind_filter_tf_targets            1
unibind_organize_pwms                1
unibind_organize_tfbs                1
unibind_profile_mapping              1
unibind_reduce_data_to_filter        1
unibind_unpack_unibind_pwms          1
unibind_unpack_unibind_tfbs          1
total                               10

Select jobs to execute...

[Tue Jan 23 18:50:54 2024]
Job 3: 
        Downloads all PWMS from UniBind database
        
Reason: Missing output files: resources/data/unibind/damo_hg38_PWMs.tar.gz

Activating conda environment: ../../../../../../../../../../../../../home/tubbsca/snakemake_condas/731e748426e5d2229fb04f545246a292_

[Tue Jan 23 18:50:54 2024]
Job 6: 
        Downloads all TFBSs from UniBind database
        
Reason: Missing output files: resources/data/unibind/damo_hg38_TFBS_per_TF.tar.gz

Activating conda environment: ../../../../../../../../../../../../../home/tubbsca/snakemake_condas/731e748426e5d2229fb04f545246a292_
[Tue Jan 23 18:50:56 2024]
Finished job 3.
1 of 10 steps (10%) done
Select jobs to execute...

[Tue Jan 23 18:50:56 2024]
Job 2: 
        Unpacks UniBind PWM download
        
Reason: Missing output files: resources/data/unibind/damo_hg38_PWMs; Input files updated by another job: resources/data/unibind/damo_hg38_PWMs.tar.gz

Activating conda environment: ../../../../../../../../../../../../../home/tubbsca/snakemake_condas/731e748426e5d2229fb04f545246a292_
[Tue Jan 23 18:52:06 2024]
Finished job 6.
2 of 10 steps (20%) done
Select jobs to execute...

[Tue Jan 23 18:52:06 2024]
Job 5: 
        Unpacks UniBind TFBS download
        
Reason: Missing output files: resources/data/unibind/damo_hg38_TFBS_per_TF; Input files updated by another job: resources/data/unibind/damo_hg38_TFBS_per_TF.tar.gz

Activating conda environment: ../../../../../../../../../../../../../home/tubbsca/snakemake_condas/731e748426e5d2229fb04f545246a292_
[Tue Jan 23 18:52:43 2024]
Finished job 2.
3 of 10 steps (30%) done
Select jobs to execute...

[Tue Jan 23 18:52:43 2024]
Job 1: 
        Orgnzies UniBind damo PWMS by TF and profile
        
Reason: Missing output files: results/unibind/damo_hg38_PWMS; Input files updated by another job: resources/data/unibind/damo_hg38_PWMs

Activating conda environment: ../../../../../../../../../../../../../home/tubbsca/snakemake_condas/731e748426e5d2229fb04f545246a292_
Activating conda environment: ../../../../../../../../../../../../../home/tubbsca/snakemake_condas/731e748426e5d2229fb04f545246a292_
[Tue Jan 23 18:53:35 2024]
Finished job 1.
4 of 10 steps (40%) done
Removing temporary output resources/data/unibind/damo_hg38_PWMs.
Select jobs to execute...

[Tue Jan 23 18:53:37 2024]
Job 9: 
        Confirms each profile is homo sapiens.
        
Reason: Missing output files: results/unibind/profile_mapping.txt; Input files updated by another job: results/unibind/damo_hg38_PWMS; Code has changed since last execution

Activating conda environment: ../../../../../../../../../../../../../home/tubbsca/snakemake_condas/731e748426e5d2229fb04f545246a292_
Terminating processes on user request, this might take some time.
[Tue Jan 23 18:57:07 2024]
Error in rule unibind_profile_mapping:
    jobid: 9
    input: results/unibind/damo_hg38_PWMS
    output: results/unibind/profile_mapping.txt
    log: workflow/logs/check_human_profile.stdout, workflow/logs/check_human_profile.stderr (check log file(s) for error details)
    conda-env: /home/tubbsca/snakemake_condas/731e748426e5d2229fb04f545246a292_
    shell:
        
        coreapi get https://jaspar.elixir.no/api/v1/docs/
        readarray -t profiles < <(find results/unibind/damo_hg38_PWMS -mindepth 2 -maxdepth 2 -name '*M*' -type d -exec basename {}  \;)
        for profile in "${profiles[@]}";
        do
            echo "$profile"
            query=$(coreapi action matrix read -p matrix_id="$profile") || query="NaN"

            tf_species=$(echo $query | jq '.species.[].name' | tr -d "
") || species="NaN"
            tf_name=$(echo $query | jq '.name' | tr -d "
") || tf_name="NaN"
            tf_class=$(echo $query | jq '.class[]' | tr -d "
") || tf_class="NaN"
            tf_family=$(echo $query | jq '.family[]' | tr -d "
") || tf_family="NaN"
            tf_source=$(echo $query | jq '.source' | tr -d "
") || tf_source="NaN"
            tf_length=$(echo $query | jq '.source' | '.pfm.A[]' | wc -l) || tf_length="NaN"
            printf '%s %s %s %s %s %s %s
' "$tf_name" "$profile" "$tf_species" "$tf_class" "$tf_family" "$tf_source" "$tf_length" >> results/unibind/profile_mapping.txt >> results/unibind/profile_mapping.txt
        done
        
        (one of the commands exited with non-zero exit code; note that snakemake uses bash strict mode!)

[Tue Jan 23 18:57:07 2024]
Error in rule unibind_unpack_unibind_tfbs:
    jobid: 5
    input: resources/data/unibind/damo_hg38_TFBS_per_TF.tar.gz
    output: resources/data/unibind/damo_hg38_TFBS_per_TF
    log: workflow/logs/unpack_unibind_tfbs.stdout, workflow/logs/unpack_unibind_tfbs.stderr (check log file(s) for error details)
    conda-env: /home/tubbsca/snakemake_condas/731e748426e5d2229fb04f545246a292_
    shell:
        
        mkdir -p resources/data/unibind/damo_hg38_TFBS_per_TF && tar -xzf resources/data/unibind/damo_hg38_TFBS_per_TF.tar.gz -C resources/data/unibind
        
        (one of the commands exited with non-zero exit code; note that snakemake uses bash strict mode!)

Complete log: .snakemake/log/2024-01-23T185046.993349.snakemake.log
