Building DAG of jobs...
Your conda installation is not configured to use strict channel priorities. This is however crucial for having robust and correct environments (for details, see https://conda-forge.org/docs/user/tipsandtricks.html). Please consider to configure strict priorities by executing 'conda config --set channel_priority strict'.
Using shell: /usr/bin/bash
Provided cores: 24
Rules claiming more threads will be scaled down.
Job stats:
job                              count
-----------------------------  -------
unibind_all                          1
unibind_download_unibind_pwms        1
unibind_download_unibind_tfbs        1
unibind_filter_tf_targets            1
unibind_organize_pwms                1
unibind_organize_tfbs                1
unibind_profile_mapping              1
unibind_reduce_data_to_filter        1
unibind_unpack_unibind_pwms          1
unibind_unpack_unibind_tfbs          1
total                               10

Select jobs to execute...

[Thu Feb  1 20:04:17 2024]
Job 3: Downloads all PWMS from UniBind database
Reason: Missing output files: resources/data/unibind/damo_hg38_PWMs.tar.gz

Activating conda environment: ../../../../../../../../../../../../../home/tubbsca/snakemake_condas/731e748426e5d2229fb04f545246a292_

[Thu Feb  1 20:04:17 2024]
Job 6: Downloads all TFBSs from UniBind database
Reason: Missing output files: resources/data/unibind/damo_hg38_TFBS_per_TF.tar.gz

Activating conda environment: ../../../../../../../../../../../../../home/tubbsca/snakemake_condas/731e748426e5d2229fb04f545246a292_
[Thu Feb  1 20:04:20 2024]
Finished job 3.
1 of 10 steps (10%) done
Select jobs to execute...

[Thu Feb  1 20:04:20 2024]
Job 2: Unpacks UniBind PWM download
Reason: Missing output files: resources/data/unibind/damo_hg38_PWMs; Input files updated by another job: resources/data/unibind/damo_hg38_PWMs.tar.gz

Activating conda environment: ../../../../../../../../../../../../../home/tubbsca/snakemake_condas/731e748426e5d2229fb04f545246a292_
[Thu Feb  1 20:05:21 2024]
Finished job 6.
2 of 10 steps (20%) done
Select jobs to execute...

[Thu Feb  1 20:05:21 2024]
Job 5: Unpacks UniBind TFBS download
Reason: Missing output files: resources/data/unibind/damo_hg38_TFBS_per_TF; Input files updated by another job: resources/data/unibind/damo_hg38_TFBS_per_TF.tar.gz

Activating conda environment: ../../../../../../../../../../../../../home/tubbsca/snakemake_condas/731e748426e5d2229fb04f545246a292_
[Thu Feb  1 20:05:24 2024]
Finished job 2.
3 of 10 steps (30%) done
Select jobs to execute...

[Thu Feb  1 20:05:24 2024]
Job 1: Organizes UniBind damo PWMS by TF and profile
Reason: Missing output files: results/unibind/damo_hg38_PWMS; Input files updated by another job: resources/data/unibind/damo_hg38_PWMs

Activating conda environment: ../../../../../../../../../../../../../home/tubbsca/snakemake_condas/731e748426e5d2229fb04f545246a292_
Activating conda environment: ../../../../../../../../../../../../../home/tubbsca/snakemake_condas/731e748426e5d2229fb04f545246a292_
[Thu Feb  1 20:06:01 2024]
Finished job 1.
4 of 10 steps (40%) done
Removing temporary output resources/data/unibind/damo_hg38_PWMs.
Select jobs to execute...

[Thu Feb  1 20:06:14 2024]
Job 9: Confirms each profile is homo sapiens.
Reason: Missing output files: results/unibind/profile_mapping.txt; Input files updated by another job: results/unibind/damo_hg38_PWMS

Activating conda environment: ../../../../../../../../../../../../../home/tubbsca/snakemake_condas/731e748426e5d2229fb04f545246a292_
Activating conda environment: ../../../../../../../../../../../../../home/tubbsca/snakemake_condas/731e748426e5d2229fb04f545246a292_
[Thu Feb  1 20:08:39 2024]
Finished job 5.
5 of 10 steps (50%) done
Select jobs to execute...

[Thu Feb  1 20:08:39 2024]
Job 4: Organizes UniBind damos by TF and profile
Reason: Missing output files: results/unibind/damo_hg38_TFBS; Input files updated by another job: resources/data/unibind/damo_hg38_TFBS_per_TF

Activating conda environment: ../../../../../../../../../../../../../home/tubbsca/snakemake_condas/731e748426e5d2229fb04f545246a292_
Activating conda environment: ../../../../../../../../../../../../../home/tubbsca/snakemake_condas/731e748426e5d2229fb04f545246a292_
[Thu Feb  1 20:09:15 2024]
Finished job 4.
6 of 10 steps (60%) done
Removing temporary output resources/data/unibind/damo_hg38_TFBS_per_TF.
[Thu Feb  1 20:11:09 2024]
Finished job 9.
7 of 10 steps (70%) done
Select jobs to execute...

[Thu Feb  1 20:11:09 2024]
Job 8: Reduces list of profiles to just those that are human and non-redundant.
Reason: Missing output files: results/unibind/profile_mapping_filtered.txt; Input files updated by another job: results/unibind/profile_mapping.txt

Activating conda environment: ../../../../../../../../../../../../../home/tubbsca/snakemake_condas/731e748426e5d2229fb04f545246a292_
Activating conda environment: ../../../../../../../../../../../../../home/tubbsca/snakemake_condas/731e748426e5d2229fb04f545246a292_
[Thu Feb  1 20:11:13 2024]
Finished job 8.
8 of 10 steps (80%) done
Select jobs to execute...

[Thu Feb  1 20:11:13 2024]
Job 7: Reduces downloaded data to those that are human
Reason: Missing output files: results/unibind/damo_hg38_TFBS_filter, results/unibind/damo_hg38_PWMS_filter; Input files updated by another job: results/unibind/damo_hg38_TFBS, results/unibind/damo_hg38_PWMS, results/unibind/profile_mapping_filtered.txt

Activating conda environment: ../../../../../../../../../../../../../home/tubbsca/snakemake_condas/731e748426e5d2229fb04f545246a292_
Activating conda environment: ../../../../../../../../../../../../../home/tubbsca/snakemake_condas/731e748426e5d2229fb04f545246a292_
[Thu Feb  1 20:15:05 2024]
Finished job 7.
9 of 10 steps (90%) done
Select jobs to execute...

[Thu Feb  1 20:15:05 2024]
localrule unibind_all:
    input: results/unibind/damo_hg38_PWMS, results/unibind/damo_hg38_TFBS, results/unibind/damo_hg38_PWMS_filter, results/unibind/damo_hg38_TFBS_filter
    jobid: 0
    reason: Input files updated by another job: results/unibind/damo_hg38_TFBS_filter, results/unibind/damo_hg38_TFBS, results/unibind/damo_hg38_PWMS, results/unibind/damo_hg38_PWMS_filter
    resources: tmpdir=/tmp

[Thu Feb  1 20:15:05 2024]
Finished job 0.
10 of 10 steps (100%) done
Removing temporary output results/unibind/damo_hg38_PWMS.
Removing temporary output results/unibind/damo_hg38_TFBS.
Complete log: .snakemake/log/2024-02-01T200407.991859.snakemake.log
