Building DAG of jobs...
Your conda installation is not configured to use strict channel priorities. This is however crucial for having robust and correct environments (for details, see https://conda-forge.org/docs/user/tipsandtricks.html). Please consider to configure strict priorities by executing 'conda config --set channel_priority strict'.
Using shell: /usr/bin/bash
Provided cores: 24
Rules claiming more threads will be scaled down.
Job stats:
job                          count
-------------------------  -------
all                              1
unibind_filter_tf_targets        1
total                            2

Select jobs to execute...

[Tue Jan 23 09:54:03 2024]
Job 7: 
        Reduces list of profiles to just thoe that are human and non-redundant.
        
Reason: Code has changed since last execution

Activating conda environment: ../../../../../../../../../../../../../home/tubbsca/snakemake_condas/731e748426e5d2229fb04f545246a292_
Activating conda environment: ../../../../../../../../../../../../../home/tubbsca/snakemake_condas/731e748426e5d2229fb04f545246a292_
[Tue Jan 23 09:54:04 2024]
Finished job 7.
1 of 2 steps (50%) done
Select jobs to execute...

[Tue Jan 23 09:54:04 2024]
Job 0: 
        DEPLOYING UNIBIND...
        
Reason: Input files updated by another job: results/unibind/profile_mapping_filtered.txt

[Tue Jan 23 09:54:04 2024]
Finished job 0.
2 of 2 steps (100%) done
Complete log: .snakemake/log/2024-01-23T095358.661848.snakemake.log
