Building DAG of jobs...
Your conda installation is not configured to use strict channel priorities. This is however crucial for having robust and correct environments (for details, see https://conda-forge.org/docs/user/tipsandtricks.html). Please consider to configure strict priorities by executing 'conda config --set channel_priority strict'.
Using shell: /usr/bin/bash
Provided cores: 24
Rules claiming more threads will be scaled down.
Job stats:
job                     count
--------------------  -------
unibind_all                 1
unibind_extract_pwms        1
unibind_extract_tfbs        1
unibind_flag_filters        1
total                       4

Select jobs to execute...

[Sat Feb 10 13:19:07 2024]
Job 3: Labels samples to be filtered from analysis
Reason: Missing output files: results/unibind/biosample_map.filter.tsv

Activating conda environment: ../../../../../../../../../../../../../home/tubbsca/snakemake_condas/38855772cfa7ad3eb00034c2a749c667_
Activating conda environment: ../../../../../../../../../../../../../home/tubbsca/snakemake_condas/38855772cfa7ad3eb00034c2a749c667_
[Sat Feb 10 13:19:09 2024]
Finished job 3.
1 of 4 steps (25%) done
Select jobs to execute...

[Sat Feb 10 13:19:09 2024]
Job 1: Extracts PWMs from tarball
Reason: Missing output files: results/unibind/damo_hg38_PWMS_extracted; Input files updated by another job: results/unibind/biosample_map.filter.tsv

[Sat Feb 10 13:19:09 2024]
Job 5: Extracts TFBS from tarball
Reason: Missing output files: results/unibind/damo_hg38_TFBS_extracted; Input files updated by another job: results/unibind/biosample_map.filter.tsv

Activating conda environment: ../../../../../../../../../../../../../home/tubbsca/snakemake_condas/38855772cfa7ad3eb00034c2a749c667_
Activating conda environment: ../../../../../../../../../../../../../home/tubbsca/snakemake_condas/38855772cfa7ad3eb00034c2a749c667_
Activating conda environment: ../../../../../../../../../../../../../home/tubbsca/snakemake_condas/38855772cfa7ad3eb00034c2a749c667_
Activating conda environment: ../../../../../../../../../../../../../home/tubbsca/snakemake_condas/38855772cfa7ad3eb00034c2a749c667_
[Sat Feb 10 13:19:12 2024]
Error in rule unibind_extract_pwms:
    jobid: 1
    input: resources/data/unibind/damo_hg38_PWMS.tar.gz, results/unibind/biosample_map.filter.tsv
    output: results/unibind/damo_hg38_PWMS_extracted
    log: workflow/logs/extract_pwms.stdout, workflow/logs/extract_pwms.stdout (check log file(s) for error details)
    conda-env: /home/tubbsca/snakemake_condas/38855772cfa7ad3eb00034c2a749c667_

RuleException:
CalledProcessError in file /panfs/accrepfs.vampire/data/ruderferlab/projects/biovu/cnv/cre/CTCF-Variant-Annotation/snakemake/workflows/common/unibind/workflow/rules/unibind.smk, line 155:
Command 'source /panfs/accrepfs.vampire/home/tubbsca/miniforge-pypy3/bin/activate '/home/tubbsca/snakemake_condas/38855772cfa7ad3eb00034c2a749c667_'; set -euo pipefail;  python /panfs/accrepfs.vampire/data/ruderferlab/projects/biovu/cnv/cre/CTCF-Variant-Annotation/snakemake/workflows/common/unibind/.snakemake/scripts/tmpzojthtiu.extract.py' returned non-zero exit status 1.
  File "/panfs/accrepfs.vampire/data/ruderferlab/projects/biovu/cnv/cre/CTCF-Variant-Annotation/snakemake/workflows/common/unibind/workflow/rules/unibind.smk", line 155, in __rule_extract_pwms
  File "/accre/arch/easybuild/software/BinDist/Anaconda3/2022.05/lib/python3.9/concurrent/futures/thread.py", line 58, in run
[Sat Feb 10 13:20:27 2024]
Error in rule unibind_extract_tfbs:
    jobid: 5
    input: resources/data/unibind/damo_hg38_TFBS.tar.gz, results/unibind/biosample_map.filter.tsv
    output: results/unibind/damo_hg38_TFBS_extracted
    log: workflow/logs/extract_tfbs.stdout, workflow/logs/extract_tfbs.stdout (check log file(s) for error details)
    conda-env: /home/tubbsca/snakemake_condas/38855772cfa7ad3eb00034c2a749c667_

RuleException:
CalledProcessError in file /panfs/accrepfs.vampire/data/ruderferlab/projects/biovu/cnv/cre/CTCF-Variant-Annotation/snakemake/workflows/common/unibind/workflow/rules/unibind.smk, line 172:
Command 'source /panfs/accrepfs.vampire/home/tubbsca/miniforge-pypy3/bin/activate '/home/tubbsca/snakemake_condas/38855772cfa7ad3eb00034c2a749c667_'; set -euo pipefail;  python /panfs/accrepfs.vampire/data/ruderferlab/projects/biovu/cnv/cre/CTCF-Variant-Annotation/snakemake/workflows/common/unibind/.snakemake/scripts/tmpowti7kj1.extract.py' returned non-zero exit status 1.
  File "/panfs/accrepfs.vampire/data/ruderferlab/projects/biovu/cnv/cre/CTCF-Variant-Annotation/snakemake/workflows/common/unibind/workflow/rules/unibind.smk", line 172, in __rule_extract_tfbs
  File "/accre/arch/easybuild/software/BinDist/Anaconda3/2022.05/lib/python3.9/concurrent/futures/thread.py", line 58, in run
Shutting down, this might take some time.
Exiting because a job execution failed. Look above for error message
Complete log: .snakemake/log/2024-02-10T131902.296746.snakemake.log
