Building DAG of jobs...
Your conda installation is not configured to use strict channel priorities. This is however crucial for having robust and correct environments (for details, see https://conda-forge.org/docs/user/tipsandtricks.html). Please consider to configure strict priorities by executing 'conda config --set channel_priority strict'.
Using shell: /usr/bin/bash
Provided cores: 24
Rules claiming more threads will be scaled down.
Job stats:
job                              count
-----------------------------  -------
all                                  1
unibind_check_human_profile          1
unibind_download_unibind_pwms        1
unibind_download_unibind_tfbs        1
unibind_organize_pwms                1
unibind_organize_tfbs                1
unibind_unpack_unibind_pwms          1
unibind_unpack_unibind_tfbs          1
total                                8

Select jobs to execute...

[Mon Jan 22 13:38:06 2024]
Job 3: 
        Downloads all PWMS from UniBind database
        
Reason: Missing output files: resources/data/unibind/damo_hg38_PWMs.tar.gz

Activating conda environment: ../../../../../../../../../../../../../home/tubbsca/snakemake_condas/731e748426e5d2229fb04f545246a292_

[Mon Jan 22 13:38:06 2024]
Job 6: 
        Downloads all TFBSs from UniBind database
        
Reason: Missing output files: resources/data/unibind/damo_hg38_TFBS_per_TF.tar.gz

Activating conda environment: ../../../../../../../../../../../../../home/tubbsca/snakemake_condas/731e748426e5d2229fb04f545246a292_
[Mon Jan 22 13:38:08 2024]
Finished job 3.
1 of 8 steps (12%) done
Select jobs to execute...

[Mon Jan 22 13:38:08 2024]
Job 2: 
        Unpacks UniBind PWM download
        
Reason: Missing output files: resources/data/unibind/damo_hg38_PWMs; Input files updated by another job: resources/data/unibind/damo_hg38_PWMs.tar.gz

Activating conda environment: ../../../../../../../../../../../../../home/tubbsca/snakemake_condas/731e748426e5d2229fb04f545246a292_
[Mon Jan 22 13:39:06 2024]
Finished job 6.
2 of 8 steps (25%) done
Select jobs to execute...

[Mon Jan 22 13:39:06 2024]
Job 5: 
        Unpacks UniBind TFBS download
        
Reason: Missing output files: resources/data/unibind/damo_hg38_TFBS_per_TF; Input files updated by another job: resources/data/unibind/damo_hg38_TFBS_per_TF.tar.gz

Activating conda environment: ../../../../../../../../../../../../../home/tubbsca/snakemake_condas/731e748426e5d2229fb04f545246a292_
[Mon Jan 22 13:40:27 2024]
Finished job 2.
3 of 8 steps (38%) done
Removing temporary output resources/data/unibind/damo_hg38_PWMs.tar.gz.
Select jobs to execute...

[Mon Jan 22 13:40:27 2024]
Job 1: 
        Orgnzies UniBind damo PWMS by TF and profile
        
Reason: Missing output files: results/unibind/damo_hg38_PWMS; Input files updated by another job: resources/data/unibind/damo_hg38_PWMs

Activating conda environment: ../../../../../../../../../../../../../home/tubbsca/snakemake_condas/731e748426e5d2229fb04f545246a292_
Activating conda environment: ../../../../../../../../../../../../../home/tubbsca/snakemake_condas/731e748426e5d2229fb04f545246a292_
[Mon Jan 22 13:41:15 2024]
Finished job 1.
4 of 8 steps (50%) done
Removing temporary output resources/data/unibind/damo_hg38_PWMs.
Select jobs to execute...

[Mon Jan 22 13:41:25 2024]
Job 7: 
        Confirms each profile is homo sapiens.
        
Reason: Missing output files: results/unibind/species_profiles.txt; Input files updated by another job: results/unibind/damo_hg38_PWMS

Activating conda environment: ../../../../../../../../../../../../../home/tubbsca/snakemake_condas/731e748426e5d2229fb04f545246a292_
[Mon Jan 22 13:45:05 2024]
Finished job 5.
5 of 8 steps (62%) done
Removing temporary output resources/data/unibind/damo_hg38_TFBS_per_TF.tar.gz.
Select jobs to execute...

[Mon Jan 22 13:45:05 2024]
Job 4: 
        Orgnzies UniBind damos by TF and profile
        
Reason: Missing output files: results/unibind/damo_hg38_TFBS; Input files updated by another job: resources/data/unibind/damo_hg38_TFBS_per_TF

Activating conda environment: ../../../../../../../../../../../../../home/tubbsca/snakemake_condas/731e748426e5d2229fb04f545246a292_
Activating conda environment: ../../../../../../../../../../../../../home/tubbsca/snakemake_condas/731e748426e5d2229fb04f545246a292_
[Mon Jan 22 13:45:47 2024]
Finished job 4.
6 of 8 steps (75%) done
Removing temporary output resources/data/unibind/damo_hg38_TFBS_per_TF.
[Mon Jan 22 13:49:08 2024]
Finished job 7.
7 of 8 steps (88%) done
Select jobs to execute...

[Mon Jan 22 13:49:08 2024]
Job 0: 
        DEPLOYING UNIBIND...
        
Reason: Input files updated by another job: results/unibind/damo_hg38_TFBS, results/unibind/damo_hg38_PWMS, results/unibind/species_profiles.txt

[Mon Jan 22 13:49:08 2024]
Finished job 0.
8 of 8 steps (100%) done
Removing temporary output results/unibind/damo_hg38_PWMS.
Removing temporary output results/unibind/damo_hg38_TFBS.
Complete log: .snakemake/log/2024-01-22T133801.490904.snakemake.log
